\BOOKMARK [0][-]{Doc-Start}{\376\377\000A\000c\000k\000n\000o\000w\000l\000e\000d\000g\000e\000m\000e\000n\000t\000s}{}% 1
\BOOKMARK [0][-]{chapter*.1}{\376\377\000S\000u\000m\000m\000a\000r\000y}{}% 2
\BOOKMARK [0][-]{chapter*.2}{\376\377\000S\000a\000m\000e\000n\000v\000a\000t\000t\000i\000n\000g}{}% 3
\BOOKMARK [0][-]{section*.4}{\376\377\000C\000o\000n\000t\000e\000n\000t\000s}{}% 4
\BOOKMARK [0][-]{section*.5}{\376\377\000A\000b\000b\000r\000e\000v\000i\000a\000t\000i\000o\000n\000s}{}% 5
\BOOKMARK [0][-]{chapter.1}{\376\377\000D\000o\000c\000u\000m\000e\000n\000t\000\040\000s\000t\000r\000u\000c\000t\000u\000r\000e}{}% 6
\BOOKMARK [1][-]{section.1.1}{\376\377\000T\000h\000i\000s\000\040\000i\000s\000\040\000a\000\040\000s\000e\000c\000t\000i\000o\000n}{chapter.1}% 7
\BOOKMARK [2][-]{subsection.1.1.1}{\376\377\000T\000h\000i\000s\000\040\000i\000s\000\040\000a\000\040\000s\000u\000b\000s\000e\000c\000t\000i\000o\000n}{section.1.1}% 8
\BOOKMARK [1][-]{section.1.2}{\376\377\000R\000e\000f\000e\000r\000e\000n\000c\000e\000s}{chapter.1}% 9
\BOOKMARK [1][-]{section.1.3}{\376\377\000a\000d\000d\000i\000t\000i\000o\000n\000a\000l\000\040\000c\000o\000n\000f\000i\000g\000u\000r\000a\000t\000i\000o\000n}{chapter.1}% 10
\BOOKMARK [0][-]{chapter.2}{\376\377\000F\000l\000o\000a\000t\000s\000\040\000a\000n\000d\000\040\000o\000t\000h\000e\000r\000\040\000c\000o\000n\000t\000e\000n\000t}{}% 11
\BOOKMARK [1][-]{section.2.1}{\376\377\000f\000i\000g\000u\000r\000e\000s}{chapter.2}% 12
\BOOKMARK [2][-]{subsection.2.1.1}{\376\377\000w\000r\000a\000p\000p\000e\000d\000\040\000f\000i\000g\000u\000r\000e\000s}{section.2.1}% 13
\BOOKMARK [1][-]{section.2.2}{\376\377\000t\000a\000b\000l\000e\000s}{chapter.2}% 14
\BOOKMARK [2][-]{subsection.2.2.1}{\376\377\000w\000r\000a\000p\000p\000e\000d\000\040\000t\000a\000b\000l\000e\000s}{section.2.2}% 15
\BOOKMARK [1][-]{section.2.3}{\376\377\000t\000e\000x\000t\000b\000o\000x\000e\000s}{chapter.2}% 16
\BOOKMARK [1][-]{section.2.4}{\376\377\000m\000a\000t\000h\000e\000m\000a\000t\000i\000c\000s\000\040\000a\000n\000d\000\040\000o\000t\000h\000e\000r\000\040\000s\000c\000i\000e\000n\000c\000e\000s\000\040\000p\000a\000c\000k\000a\000g\000e\000s}{chapter.2}% 17
\BOOKMARK [1][-]{section*.14}{\376\377\000R\000e\000f\000e\000r\000e\000n\000c\000e\000s}{chapter.2}% 18
\BOOKMARK [0][-]{appendix.A}{\376\377\000A\000p\000p\000e\000n\000d\000i\000x\000\040\000t\000i\000t\000l\000e\000\040\000h\000e\000r\000e}{}% 19
\BOOKMARK [0][-]{appendix*.15}{\376\377\000L\000i\000s\000t\000\040\000o\000f\000\040\000p\000u\000b\000l\000i\000c\000a\000t\000i\000o\000n\000s}{}% 20
\BOOKMARK [1][-]{section*.17}{\376\377\000P\000e\000e\000r\000-\000r\000e\000v\000i\000e\000w\000e\000d\000\040\000j\000o\000u\000r\000n\000a\000l\000\040\000a\000r\000t\000i\000c\000l\000e\000s}{appendix*.15}% 21
\BOOKMARK [0][-]{appendix*.18}{\376\377\000D\000e\000c\000l\000a\000r\000a\000t\000i\000o\000n\000s}{}% 22
\BOOKMARK [1][-]{section*.19}{\376\377\000S\000c\000i\000e\000n\000t\000i\000f\000i\000c\000\040\000a\000c\000k\000n\000o\000w\000l\000e\000d\000g\000e\000m\000e\000n\000t\000s}{appendix*.18}% 23
\BOOKMARK [1][-]{section*.20}{\376\377\000P\000e\000r\000s\000o\000n\000a\000l\000\040\000c\000o\000n\000t\000r\000i\000b\000u\000t\000i\000o\000n\000s}{appendix*.18}% 24
\BOOKMARK [1][-]{section*.22}{\376\377\000C\000o\000n\000f\000l\000i\000c\000t\000s\000\040\000o\000f\000\040\000i\000n\000t\000e\000r\000e\000s\000t}{appendix*.18}% 25
